# JRE version: OpenJDK Runtime Environment (17.0.11) (build 17.0.11+0--11852314)
# Java VM: OpenJDK 64-Bit Server VM (17.0.11+0--11852314, mixed mode, tiered, compressed oops, compressed class ptrs, g1 gc, windows-amd64)
GC Precious Log:
 CPUs: 12 total, 12 available
 Memory: 8013M
 Large Page Support: Disabled
 NUMA Support: Disabled
 Compressed Oops: Enabled (32-bit)
 Heap Region Size: 1M
 Heap Min Capacity: 8M
 Heap Initial Capacity: 126M
 Heap Max Capacity: 2004M
 Pre-touch: Disabled
 Parallel Workers: 10
 Concurrent Workers: 3
 Concurrent Refinement Workers: 10
 Periodic GC: Disabled
Heap:
 garbage-first heap   total 135168K, used 68889K [0x0000000082c00000, 0x0000000100000000)
  region size 1024K, 1 young (1024K), 1 survivors (1024K)
 Metaspace       used 85212K, committed 85440K, reserved 1179648K
  class space    used 9366K, committed 9472K, reserved 1048576K
GC Heap History (20 events):
Event: 3.850 GC heap after
{Heap after GC invocations=14 (full 0):
 garbage-first heap   total 87040K, used 40771K [0x0000000082c00000, 0x0000000100000000)
  region size 1024K, 5 young (5120K), 5 survivors (5120K)
 Metaspace       used 55920K, committed 56128K, reserved 1114112K
  class space    used 6641K, committed 6720K, reserved 1048576K
}
Event: 3.935 GC heap before
{Heap before GC invocations=14 (full 0):
 garbage-first heap   total 87040K, used 65347K [0x0000000082c00000, 0x0000000100000000)
  region size 1024K, 29 young (29696K), 5 survivors (5120K)
 Metaspace       used 56135K, committed 56384K, reserved 1114112K
  class space    used 6663K, committed 6784K, reserved 1048576K
}
Event: 3.946 GC heap after
{Heap after GC invocations=15 (full 0):
 garbage-first heap   total 87040K, used 42612K [0x0000000082c00000, 0x0000000100000000)
  region size 1024K, 2 young (2048K), 2 survivors (2048K)
 Metaspace       used 56135K, committed 56384K, reserved 1114112K
  class space    used 6663K, committed 6784K, reserved 1048576K
}
Event: 4.432 GC heap before
{Heap before GC invocations=15 (full 0):
 garbage-first heap   total 87040K, used 67188K [0x0000000082c00000, 0x0000000100000000)
  region size 1024K, 26 young (26624K), 2 survivors (2048K)
 Metaspace       used 58864K, committed 59136K, reserved 1114112K
  class space    used 6978K, committed 7104K, reserved 1048576K
}
Event: 4.444 GC heap after
{Heap after GC invocations=16 (full 0):
 garbage-first heap   total 135168K, used 45190K [0x0000000082c00000, 0x0000000100000000)
  region size 1024K, 4 young (4096K), 4 survivors (4096K)
 Metaspace       used 58864K, committed 59136K, reserved 1114112K
  class space    used 6978K, committed 7104K, reserved 1048576K
}
Event: 5.636 GC heap before
{Heap before GC invocations=17 (full 0):
 garbage-first heap   total 135168K, used 101510K [0x0000000082c00000, 0x0000000100000000)
  region size 1024K, 58 young (59392K), 4 survivors (4096K)
 Metaspace       used 62273K, committed 62528K, reserved 1114112K
  class space    used 7235K, committed 7360K, reserved 1048576K
}
Event: 5.648 GC heap after
{Heap after GC invocations=18 (full 0):
 garbage-first heap   total 135168K, used 52105K [0x0000000082c00000, 0x0000000100000000)
  region size 1024K, 8 young (8192K), 8 survivors (8192K)
 Metaspace       used 62273K, committed 62528K, reserved 1114112K
  class space    used 7235K, committed 7360K, reserved 1048576K
}
Event: 5.668 GC heap before
{Heap before GC invocations=18 (full 0):
 garbage-first heap   total 135168K, used 53129K [0x0000000082c00000, 0x0000000100000000)
  region size 1024K, 9 young (9216K), 8 survivors (8192K)
 Metaspace       used 62337K, committed 62592K, reserved 1114112K
  class space    used 7241K, committed 7360K, reserved 1048576K
}
Event: 5.680 GC heap after
{Heap after GC invocations=19 (full 0):
 garbage-first heap   total 135168K, used 52284K [0x0000000082c00000, 0x0000000100000000)
  region size 1024K, 1 young (1024K), 1 survivors (1024K)
 Metaspace       used 62337K, committed 62592K, reserved 1114112K
  class space    used 7241K, committed 7360K, reserved 1048576K
}
Event: 6.706 GC heap before
{Heap before GC invocations=19 (full 0):
 garbage-first heap   total 135168K, used 99388K [0x0000000082c00000, 0x0000000100000000)
  region size 1024K, 47 young (48128K), 1 survivors (1024K)
 Metaspace       used 66337K, committed 66560K, reserved 1114112K
  class space    used 7536K, committed 7616K, reserved 1048576K
}
Event: 6.713 GC heap after
{Heap after GC invocations=20 (full 0):
 garbage-first heap   total 135168K, used 54953K [0x0000000082c00000, 0x0000000100000000)
  region size 1024K, 4 young (4096K), 4 survivors (4096K)
 Metaspace       used 66337K, committed 66560K, reserved 1114112K
  class space    used 7536K, committed 7616K, reserved 1048576K
}
Event: 7.687 GC heap before
{Heap before GC invocations=20 (full 0):
 garbage-first heap   total 135168K, used 102057K [0x0000000082c00000, 0x0000000100000000)
  region size 1024K, 50 young (51200K), 4 survivors (4096K)
 Metaspace       used 72794K, committed 73024K, reserved 1114112K
  class space    used 8208K, committed 8320K, reserved 1048576K
}
Event: 7.698 GC heap after
{Heap after GC invocations=21 (full 0):
 garbage-first heap   total 135168K, used 59861K [0x0000000082c00000, 0x0000000100000000)
  region size 1024K, 7 young (7168K), 7 survivors (7168K)
 Metaspace       used 72794K, committed 73024K, reserved 1114112K
  class space    used 8208K, committed 8320K, reserved 1048576K
}
Event: 8.212 GC heap before
{Heap before GC invocations=21 (full 0):
 garbage-first heap   total 135168K, used 103893K [0x0000000082c00000, 0x0000000100000000)
  region size 1024K, 50 young (51200K), 7 survivors (7168K)
 Metaspace       used 78578K, committed 78848K, reserved 1179648K
  class space    used 8796K, committed 8896K, reserved 1048576K
}
Event: 8.226 GC heap after
{Heap after GC invocations=22 (full 0):
 garbage-first heap   total 135168K, used 65428K [0x0000000082c00000, 0x0000000100000000)
  region size 1024K, 6 young (6144K), 6 survivors (6144K)
 Metaspace       used 78578K, committed 78848K, reserved 1179648K
  class space    used 8796K, committed 8896K, reserved 1048576K
}
Event: 8.693 GC heap before
{Heap before GC invocations=22 (full 0):
 garbage-first heap   total 135168K, used 104340K [0x0000000082c00000, 0x0000000100000000)
  region size 1024K, 44 young (45056K), 6 survivors (6144K)
 Metaspace       used 80737K, committed 80960K, reserved 1179648K
  class space    used 8996K, committed 9088K, reserved 1048576K
}
Event: 8.704 GC heap after
{Heap after GC invocations=23 (full 0):
 garbage-first heap   total 135168K, used 67179K [0x0000000082c00000, 0x0000000100000000)
  region size 1024K, 2 young (2048K), 2 survivors (2048K)
 Metaspace       used 80737K, committed 80960K, reserved 1179648K
  class space    used 8996K, committed 9088K, reserved 1048576K
}
Event: 9.195 GC heap before
{Heap before GC invocations=24 (full 0):
 garbage-first heap   total 135168K, used 106091K [0x0000000082c00000, 0x0000000100000000)
  region size 1024K, 41 young (41984K), 2 survivors (2048K)
 Metaspace       used 85207K, committed 85440K, reserved 1179648K
  class space    used 9366K, committed 9472K, reserved 1048576K
}
Event: 9.205 GC heap after
{Heap after GC invocations=25 (full 0):
 garbage-first heap   total 135168K, used 68629K [0x0000000082c00000, 0x0000000100000000)
  region size 1024K, 4 young (4096K), 4 survivors (4096K)
 Metaspace       used 85207K, committed 85440K, reserved 1179648K
  class space    used 9366K, committed 9472K, reserved 1048576K
}
Event: 9.219 GC heap before
{Heap before GC invocations=25 (full 0):
 garbage-first heap   total 135168K, used 70677K [0x0000000082c00000, 0x0000000100000000)
  region size 1024K, 6 young (6144K), 4 survivors (4096K)
 Metaspace       used 85212K, committed 85440K, reserved 1179648K
  class space    used 9366K, committed 9472K, reserved 1048576K
}

