# JRE version: OpenJDK Runtime Environment (17.0.11) (build 17.0.11+0--11852314)
# Java VM: OpenJDK 64-Bit Server VM (17.0.11+0--11852314, mixed mode, tiered, compressed oops, compressed class ptrs, g1 gc, windows-amd64)
GC Precious Log:
 CPUs: 12 total, 12 available
 Memory: 8013M
 Large Page Support: Disabled
 NUMA Support: Disabled
 Compressed Oops: Enabled (32-bit)
 Heap Region Size: 1M
 Heap Min Capacity: 8M
 Heap Initial Capacity: 126M
 Heap Max Capacity: 2G
 Pre-touch: Disabled
 Parallel Workers: 10
 Concurrent Workers: 3
 Concurrent Refinement Workers: 10
 Periodic GC: Disabled
Heap:
 garbage-first heap   total 445440K, used 161307K [0x0000000080000000, 0x0000000100000000)
  region size 1024K, 32 young (32768K), 7 survivors (7168K)
 Metaspace       used 116713K, committed 117632K, reserved 1179648K
  class space    used 16022K, committed 16512K, reserved 1048576K
GC Heap History (20 events):
Event: 13.758 GC heap before
{Heap before GC invocations=29 (full 0):
 garbage-first heap   total 212992K, used 175205K [0x0000000080000000, 0x0000000100000000)
  region size 1024K, 68 young (69632K), 2 survivors (2048K)
 Metaspace       used 106451K, committed 107200K, reserved 1179648K
  class space    used 14820K, committed 15168K, reserved 1048576K
}
Event: 13.763 GC heap after
{Heap after GC invocations=30 (full 0):
 garbage-first heap   total 212992K, used 111627K [0x0000000080000000, 0x0000000100000000)
  region size 1024K, 6 young (6144K), 6 survivors (6144K)
 Metaspace       used 106451K, committed 107200K, reserved 1179648K
  class space    used 14820K, committed 15168K, reserved 1048576K
}
Event: 14.203 GC heap before
{Heap before GC invocations=31 (full 0):
 garbage-first heap   total 212992K, used 174091K [0x0000000080000000, 0x0000000100000000)
  region size 1024K, 68 young (69632K), 6 survivors (6144K)
 Metaspace       used 106997K, committed 107840K, reserved 1179648K
  class space    used 14881K, committed 15296K, reserved 1048576K
}
Event: 14.208 GC heap after
{Heap after GC invocations=32 (full 0):
 garbage-first heap   total 212992K, used 114745K [0x0000000080000000, 0x0000000100000000)
  region size 1024K, 6 young (6144K), 6 survivors (6144K)
 Metaspace       used 106997K, committed 107840K, reserved 1179648K
  class space    used 14881K, committed 15296K, reserved 1048576K
}
Event: 14.228 GC heap before
{Heap before GC invocations=32 (full 0):
 garbage-first heap   total 212992K, used 118841K [0x0000000080000000, 0x0000000100000000)
  region size 1024K, 10 young (10240K), 6 survivors (6144K)
 Metaspace       used 107006K, committed 107840K, reserved 1179648K
  class space    used 14881K, committed 15296K, reserved 1048576K
}
Event: 14.232 GC heap after
{Heap after GC invocations=33 (full 0):
 garbage-first heap   total 212992K, used 112715K [0x0000000080000000, 0x0000000100000000)
  region size 1024K, 2 young (2048K), 2 survivors (2048K)
 Metaspace       used 107006K, committed 107840K, reserved 1179648K
  class space    used 14881K, committed 15296K, reserved 1048576K
}
Event: 14.833 GC heap before
{Heap before GC invocations=33 (full 0):
 garbage-first heap   total 212992K, used 175179K [0x0000000080000000, 0x0000000100000000)
  region size 1024K, 64 young (65536K), 2 survivors (2048K)
 Metaspace       used 109710K, committed 110464K, reserved 1179648K
  class space    used 15226K, committed 15616K, reserved 1048576K
}
Event: 14.839 GC heap after
{Heap after GC invocations=34 (full 0):
 garbage-first heap   total 212992K, used 117717K [0x0000000080000000, 0x0000000100000000)
  region size 1024K, 7 young (7168K), 7 survivors (7168K)
 Metaspace       used 109710K, committed 110464K, reserved 1179648K
  class space    used 15226K, committed 15616K, reserved 1048576K
}
Event: 15.157 GC heap before
{Heap before GC invocations=35 (full 0):
 garbage-first heap   total 212992K, used 174037K [0x0000000080000000, 0x0000000100000000)
  region size 1024K, 63 young (64512K), 7 survivors (7168K)
 Metaspace       used 110821K, committed 111680K, reserved 1179648K
  class space    used 15400K, committed 15808K, reserved 1048576K
}
Event: 15.164 GC heap after
{Heap after GC invocations=36 (full 0):
 garbage-first heap   total 212992K, used 120158K [0x0000000080000000, 0x0000000100000000)
  region size 1024K, 6 young (6144K), 6 survivors (6144K)
 Metaspace       used 110821K, committed 111680K, reserved 1179648K
  class space    used 15400K, committed 15808K, reserved 1048576K
}
Event: 15.176 GC heap before
{Heap before GC invocations=36 (full 0):
 garbage-first heap   total 212992K, used 124254K [0x0000000080000000, 0x0000000100000000)
  region size 1024K, 10 young (10240K), 6 survivors (6144K)
 Metaspace       used 110867K, committed 111680K, reserved 1179648K
  class space    used 15409K, committed 15808K, reserved 1048576K
}
Event: 15.181 GC heap after
{Heap after GC invocations=37 (full 0):
 garbage-first heap   total 212992K, used 118951K [0x0000000080000000, 0x0000000100000000)
  region size 1024K, 2 young (2048K), 2 survivors (2048K)
 Metaspace       used 110867K, committed 111680K, reserved 1179648K
  class space    used 15409K, committed 15808K, reserved 1048576K
}
Event: 20.971 GC heap before
{Heap before GC invocations=37 (full 0):
 garbage-first heap   total 212992K, used 174247K [0x0000000080000000, 0x0000000100000000)
  region size 1024K, 57 young (58368K), 2 survivors (2048K)
 Metaspace       used 112964K, committed 113856K, reserved 1179648K
  class space    used 15734K, committed 16192K, reserved 1048576K
}
Event: 20.976 GC heap after
{Heap after GC invocations=38 (full 0):
 garbage-first heap   total 212992K, used 122008K [0x0000000080000000, 0x0000000100000000)
  region size 1024K, 5 young (5120K), 5 survivors (5120K)
 Metaspace       used 112964K, committed 113856K, reserved 1179648K
  class space    used 15734K, committed 16192K, reserved 1048576K
}
Event: 502.865 GC heap before
{Heap before GC invocations=39 (full 0):
 garbage-first heap   total 212992K, used 175256K [0x0000000080000000, 0x0000000100000000)
  region size 1024K, 58 young (59392K), 5 survivors (5120K)
 Metaspace       used 113778K, committed 114688K, reserved 1179648K
  class space    used 15816K, committed 16256K, reserved 1048576K
}
Event: 502.996 GC heap after
{Heap after GC invocations=40 (full 0):
 garbage-first heap   total 212992K, used 125526K [0x0000000080000000, 0x0000000100000000)
  region size 1024K, 4 young (4096K), 4 survivors (4096K)
 Metaspace       used 113778K, committed 114688K, reserved 1179648K
  class space    used 15816K, committed 16256K, reserved 1048576K
}
Event: 503.314 GC heap before
{Heap before GC invocations=40 (full 0):
 garbage-first heap   total 212992K, used 131670K [0x0000000080000000, 0x0000000100000000)
  region size 1024K, 10 young (10240K), 4 survivors (4096K)
 Metaspace       used 113923K, committed 114816K, reserved 1179648K
  class space    used 15828K, committed 16256K, reserved 1048576K
}
Event: 503.343 GC heap after
{Heap after GC invocations=41 (full 0):
 garbage-first heap   total 212992K, used 124324K [0x0000000080000000, 0x0000000100000000)
  region size 1024K, 2 young (2048K), 2 survivors (2048K)
 Metaspace       used 113923K, committed 114816K, reserved 1179648K
  class space    used 15828K, committed 16256K, reserved 1048576K
}
Event: 504.685 GC heap before
{Heap before GC invocations=41 (full 0):
 garbage-first heap   total 212992K, used 161188K [0x0000000080000000, 0x0000000100000000)
  region size 1024K, 40 young (40960K), 2 survivors (2048K)
 Metaspace       used 114340K, committed 115200K, reserved 1179648K
  class space    used 15842K, committed 16256K, reserved 1048576K
}
Event: 504.708 GC heap after
{Heap after GC invocations=42 (full 0):
 garbage-first heap   total 445440K, used 130587K [0x0000000080000000, 0x0000000100000000)
  region size 1024K, 7 young (7168K), 7 survivors (7168K)
 Metaspace       used 114340K, committed 115200K, reserved 1179648K
  class space    used 15842K, committed 16256K, reserved 1048576K
}

