# JRE version: OpenJDK Runtime Environment (17.0.11) (build 17.0.11+0--11852314)
# Java VM: OpenJDK 64-Bit Server VM (17.0.11+0--11852314, mixed mode, tiered, compressed oops, compressed class ptrs, g1 gc, windows-amd64)
GC Precious Log:
 CPUs: 12 total, 12 available
 Memory: 8013M
 Large Page Support: Disabled
 NUMA Support: Disabled
 Compressed Oops: Enabled (32-bit)
 Heap Region Size: 1M
 Heap Min Capacity: 8M
 Heap Initial Capacity: 126M
 Heap Max Capacity: 2G
 Pre-touch: Disabled
 Parallel Workers: 10
 Concurrent Workers: 3
 Concurrent Refinement Workers: 10
 Periodic GC: Disabled
Heap:
 garbage-first heap   total 211968K, used 133033K [0x0000000080000000, 0x0000000100000000)
  region size 1024K, 4 young (4096K), 4 survivors (4096K)
 Metaspace       used 106820K, committed 107584K, reserved 1179648K
  class space    used 14691K, committed 15040K, reserved 1048576K
GC Heap History (20 events):
Event: 8.756 GC heap after
{Heap after GC invocations=27 (full 0):
 garbage-first heap   total 211968K, used 71765K [0x0000000080000000, 0x0000000100000000)
  region size 1024K, 1 young (1024K), 1 survivors (1024K)
 Metaspace       used 68288K, committed 68928K, reserved 1114112K
  class space    used 9276K, committed 9600K, reserved 1048576K
}
Event: 10.107 GC heap before
{Heap before GC invocations=27 (full 0):
 garbage-first heap   total 211968K, used 174165K [0x0000000080000000, 0x0000000100000000)
  region size 1024K, 97 young (99328K), 1 survivors (1024K)
 Metaspace       used 77405K, committed 78080K, reserved 1179648K
  class space    used 10508K, committed 10816K, reserved 1048576K
}
Event: 10.113 GC heap after
{Heap after GC invocations=28 (full 0):
 garbage-first heap   total 211968K, used 80766K [0x0000000080000000, 0x0000000100000000)
  region size 1024K, 6 young (6144K), 6 survivors (6144K)
 Metaspace       used 77405K, committed 78080K, reserved 1179648K
  class space    used 10508K, committed 10816K, reserved 1048576K
}
Event: 11.468 GC heap before
{Heap before GC invocations=28 (full 0):
 garbage-first heap   total 211968K, used 167806K [0x0000000080000000, 0x0000000100000000)
  region size 1024K, 91 young (93184K), 6 survivors (6144K)
 Metaspace       used 81744K, committed 82432K, reserved 1179648K
  class space    used 11099K, committed 11392K, reserved 1048576K
}
Event: 11.475 GC heap after
{Heap after GC invocations=29 (full 0):
 garbage-first heap   total 211968K, used 87082K [0x0000000080000000, 0x0000000100000000)
  region size 1024K, 12 young (12288K), 12 survivors (12288K)
 Metaspace       used 81744K, committed 82432K, reserved 1179648K
  class space    used 11099K, committed 11392K, reserved 1048576K
}
Event: 14.235 GC heap before
{Heap before GC invocations=29 (full 0):
 garbage-first heap   total 211968K, used 170026K [0x0000000080000000, 0x0000000100000000)
  region size 1024K, 92 young (94208K), 12 survivors (12288K)
 Metaspace       used 87530K, committed 88128K, reserved 1179648K
  class space    used 12107K, committed 12416K, reserved 1048576K
}
Event: 14.246 GC heap after
{Heap after GC invocations=30 (full 0):
 garbage-first heap   total 211968K, used 90214K [0x0000000080000000, 0x0000000100000000)
  region size 1024K, 10 young (10240K), 10 survivors (10240K)
 Metaspace       used 87530K, committed 88128K, reserved 1179648K
  class space    used 12107K, committed 12416K, reserved 1048576K
}
Event: 16.768 GC heap before
{Heap before GC invocations=30 (full 0):
 garbage-first heap   total 211968K, used 172134K [0x0000000080000000, 0x0000000100000000)
  region size 1024K, 90 young (92160K), 10 survivors (10240K)
 Metaspace       used 93331K, committed 94016K, reserved 1179648K
  class space    used 12980K, committed 13312K, reserved 1048576K
}
Event: 16.776 GC heap after
{Heap after GC invocations=31 (full 0):
 garbage-first heap   total 211968K, used 94778K [0x0000000080000000, 0x0000000100000000)
  region size 1024K, 8 young (8192K), 8 survivors (8192K)
 Metaspace       used 93331K, committed 94016K, reserved 1179648K
  class space    used 12980K, committed 13312K, reserved 1048576K
}
Event: 18.663 GC heap before
{Heap before GC invocations=31 (full 0):
 garbage-first heap   total 211968K, used 173626K [0x0000000080000000, 0x0000000100000000)
  region size 1024K, 86 young (88064K), 8 survivors (8192K)
 Metaspace       used 99554K, committed 100352K, reserved 1179648K
  class space    used 13892K, committed 14272K, reserved 1048576K
}
Event: 18.699 GC heap after
{Heap after GC invocations=32 (full 0):
 garbage-first heap   total 211968K, used 99143K [0x0000000080000000, 0x0000000100000000)
  region size 1024K, 9 young (9216K), 9 survivors (9216K)
 Metaspace       used 99554K, committed 100352K, reserved 1179648K
  class space    used 13892K, committed 14272K, reserved 1048576K
}
Event: 20.790 GC heap before
{Heap before GC invocations=32 (full 0):
 garbage-first heap   total 211968K, used 173895K [0x0000000080000000, 0x0000000100000000)
  region size 1024K, 83 young (84992K), 9 survivors (9216K)
 Metaspace       used 100761K, committed 101440K, reserved 1179648K
  class space    used 14054K, committed 14400K, reserved 1048576K
}
Event: 20.804 GC heap after
{Heap after GC invocations=33 (full 0):
 garbage-first heap   total 211968K, used 105835K [0x0000000080000000, 0x0000000100000000)
  region size 1024K, 11 young (11264K), 11 survivors (11264K)
 Metaspace       used 100761K, committed 101440K, reserved 1179648K
  class space    used 14054K, committed 14400K, reserved 1048576K
}
Event: 22.702 GC heap before
{Heap before GC invocations=33 (full 0):
 garbage-first heap   total 211968K, used 179563K [0x0000000080000000, 0x0000000100000000)
  region size 1024K, 77 young (78848K), 11 survivors (11264K)
 Metaspace       used 104343K, committed 105088K, reserved 1179648K
  class space    used 14425K, committed 14784K, reserved 1048576K
}
Event: 22.722 GC heap after
{Heap after GC invocations=34 (full 0):
 garbage-first heap   total 211968K, used 123870K [0x0000000080000000, 0x0000000100000000)
  region size 1024K, 10 young (10240K), 10 survivors (10240K)
 Metaspace       used 104343K, committed 105088K, reserved 1179648K
  class space    used 14425K, committed 14784K, reserved 1048576K
}
Event: 23.647 GC heap before
{Heap before GC invocations=34 (full 0):
 garbage-first heap   total 211968K, used 181214K [0x0000000080000000, 0x0000000100000000)
  region size 1024K, 50 young (51200K), 10 survivors (10240K)
 Metaspace       used 106191K, committed 107008K, reserved 1179648K
  class space    used 14597K, committed 14976K, reserved 1048576K
}
Event: 23.662 GC heap after
{Heap after GC invocations=35 (full 0):
 garbage-first heap   total 211968K, used 129891K [0x0000000080000000, 0x0000000100000000)
  region size 1024K, 7 young (7168K), 7 survivors (7168K)
 Metaspace       used 106191K, committed 107008K, reserved 1179648K
  class space    used 14597K, committed 14976K, reserved 1048576K
}
Event: 24.085 GC heap before
{Heap before GC invocations=35 (full 0):
 garbage-first heap   total 211968K, used 166755K [0x0000000080000000, 0x0000000100000000)
  region size 1024K, 44 young (45056K), 7 survivors (7168K)
 Metaspace       used 106742K, committed 107520K, reserved 1179648K
  class space    used 14683K, committed 15040K, reserved 1048576K
}
Event: 24.093 GC heap after
{Heap after GC invocations=36 (full 0):
 garbage-first heap   total 211968K, used 131441K [0x0000000080000000, 0x0000000100000000)
  region size 1024K, 4 young (4096K), 4 survivors (4096K)
 Metaspace       used 106742K, committed 107520K, reserved 1179648K
  class space    used 14683K, committed 15040K, reserved 1048576K
}
Event: 24.596 GC heap before
{Heap before GC invocations=36 (full 0):
 garbage-first heap   total 211968K, used 168305K [0x0000000080000000, 0x0000000100000000)
  region size 1024K, 41 young (41984K), 4 survivors (4096K)
 Metaspace       used 106820K, committed 107584K, reserved 1179648K
  class space    used 14691K, committed 15040K, reserved 1048576K
}

