# JRE version: OpenJDK Runtime Environment (17.0.11) (build 17.0.11+0--11852314)
# Java VM: OpenJDK 64-Bit Server VM (17.0.11+0--11852314, mixed mode, tiered, compressed oops, compressed class ptrs, g1 gc, windows-amd64)
GC Precious Log:
 CPUs: 12 total, 12 available
 Memory: 8013M
 Large Page Support: Disabled
 NUMA Support: Disabled
 Compressed Oops: Enabled (32-bit)
 Heap Region Size: 1M
 Heap Min Capacity: 8M
 Heap Initial Capacity: 126M
 Heap Max Capacity: 2004M
 Pre-touch: Disabled
 Parallel Workers: 10
 Concurrent Workers: 3
 Concurrent Refinement Workers: 10
 Periodic GC: Disabled
Heap:
 garbage-first heap   total 57344K, used 31071K [0x0000000082c00000, 0x0000000100000000)
  region size 1024K, 2 young (2048K), 2 survivors (2048K)
 Metaspace       used 46580K, committed 46848K, reserved 1114112K
  class space    used 5695K, committed 5824K, reserved 1048576K
GC Heap History (20 events):
Event: 1.041 GC heap after
{Heap after GC invocations=1 (full 0):
 garbage-first heap   total 129024K, used 7133K [0x0000000082c00000, 0x0000000100000000)
  region size 1024K, 3 young (3072K), 3 survivors (3072K)
 Metaspace       used 13394K, committed 13504K, reserved 1114112K
  class space    used 1293K, committed 1344K, reserved 1048576K
}
Event: 2.656 GC heap before
{Heap before GC invocations=1 (full 0):
 garbage-first heap   total 129024K, used 37853K [0x0000000082c00000, 0x0000000100000000)
  region size 1024K, 34 young (34816K), 3 survivors (3072K)
 Metaspace       used 21318K, committed 21504K, reserved 1114112K
  class space    used 2327K, committed 2432K, reserved 1048576K
}
Event: 2.665 GC heap after
{Heap after GC invocations=2 (full 0):
 garbage-first heap   total 129024K, used 10287K [0x0000000082c00000, 0x0000000100000000)
  region size 1024K, 4 young (4096K), 4 survivors (4096K)
 Metaspace       used 21318K, committed 21504K, reserved 1114112K
  class space    used 2327K, committed 2432K, reserved 1048576K
}
Event: 3.946 GC heap before
{Heap before GC invocations=3 (full 0):
 garbage-first heap   total 40960K, used 30767K [0x0000000082c00000, 0x0000000100000000)
  region size 1024K, 24 young (24576K), 4 survivors (4096K)
 Metaspace       used 28064K, committed 28288K, reserved 1114112K
  class space    used 3462K, committed 3520K, reserved 1048576K
}
Event: 3.953 GC heap after
{Heap after GC invocations=4 (full 0):
 garbage-first heap   total 40960K, used 11396K [0x0000000082c00000, 0x0000000100000000)
  region size 1024K, 2 young (2048K), 2 survivors (2048K)
 Metaspace       used 28064K, committed 28288K, reserved 1114112K
  class space    used 3462K, committed 3520K, reserved 1048576K
}
Event: 3.983 GC heap before
{Heap before GC invocations=4 (full 0):
 garbage-first heap   total 40960K, used 12420K [0x0000000082c00000, 0x0000000100000000)
  region size 1024K, 3 young (3072K), 2 survivors (2048K)
 Metaspace       used 28382K, committed 28608K, reserved 1114112K
  class space    used 3527K, committed 3584K, reserved 1048576K
}
Event: 3.986 GC heap after
{Heap after GC invocations=5 (full 0):
 garbage-first heap   total 40960K, used 11561K [0x0000000082c00000, 0x0000000100000000)
  region size 1024K, 1 young (1024K), 1 survivors (1024K)
 Metaspace       used 28382K, committed 28608K, reserved 1114112K
  class space    used 3527K, committed 3584K, reserved 1048576K
}
Event: 4.322 GC heap before
{Heap before GC invocations=5 (full 0):
 garbage-first heap   total 40960K, used 33065K [0x0000000082c00000, 0x0000000100000000)
  region size 1024K, 20 young (20480K), 1 survivors (1024K)
 Metaspace       used 30908K, committed 31104K, reserved 1114112K
  class space    used 3999K, committed 4096K, reserved 1048576K
}
Event: 4.332 GC heap after
{Heap after GC invocations=6 (full 0):
 garbage-first heap   total 40960K, used 17765K [0x0000000082c00000, 0x0000000100000000)
  region size 1024K, 3 young (3072K), 3 survivors (3072K)
 Metaspace       used 30908K, committed 31104K, reserved 1114112K
  class space    used 3999K, committed 4096K, reserved 1048576K
}
Event: 4.553 GC heap before
{Heap before GC invocations=6 (full 0):
 garbage-first heap   total 40960K, used 31077K [0x0000000082c00000, 0x0000000100000000)
  region size 1024K, 16 young (16384K), 3 survivors (3072K)
 Metaspace       used 34249K, committed 34496K, reserved 1114112K
  class space    used 4359K, committed 4480K, reserved 1048576K
}
Event: 4.560 GC heap after
{Heap after GC invocations=7 (full 0):
 garbage-first heap   total 40960K, used 17069K [0x0000000082c00000, 0x0000000100000000)
  region size 1024K, 2 young (2048K), 2 survivors (2048K)
 Metaspace       used 34249K, committed 34496K, reserved 1114112K
  class space    used 4359K, committed 4480K, reserved 1048576K
}
Event: 4.665 GC heap before
{Heap before GC invocations=7 (full 0):
 garbage-first heap   total 40960K, used 25261K [0x0000000082c00000, 0x0000000100000000)
  region size 1024K, 11 young (11264K), 2 survivors (2048K)
 Metaspace       used 35973K, committed 36160K, reserved 1114112K
  class space    used 4545K, committed 4672K, reserved 1048576K
}
Event: 4.668 GC heap after
{Heap after GC invocations=8 (full 0):
 garbage-first heap   total 57344K, used 18119K [0x0000000082c00000, 0x0000000100000000)
  region size 1024K, 1 young (1024K), 1 survivors (1024K)
 Metaspace       used 35973K, committed 36160K, reserved 1114112K
  class space    used 4545K, committed 4672K, reserved 1048576K
}
Event: 4.921 GC heap before
{Heap before GC invocations=9 (full 0):
 garbage-first heap   total 57344K, used 38599K [0x0000000082c00000, 0x0000000100000000)
  region size 1024K, 22 young (22528K), 1 survivors (1024K)
 Metaspace       used 40044K, committed 40256K, reserved 1114112K
  class space    used 4924K, committed 5056K, reserved 1048576K
}
Event: 4.927 GC heap after
{Heap after GC invocations=10 (full 0):
 garbage-first heap   total 57344K, used 20952K [0x0000000082c00000, 0x0000000100000000)
  region size 1024K, 3 young (3072K), 3 survivors (3072K)
 Metaspace       used 40044K, committed 40256K, reserved 1114112K
  class space    used 4924K, committed 5056K, reserved 1048576K
}
Event: 5.306 GC heap before
{Heap before GC invocations=10 (full 0):
 garbage-first heap   total 57344K, used 40408K [0x0000000082c00000, 0x0000000100000000)
  region size 1024K, 23 young (23552K), 3 survivors (3072K)
 Metaspace       used 45588K, committed 45824K, reserved 1114112K
  class space    used 5611K, committed 5696K, reserved 1048576K
}
Event: 5.315 GC heap after
{Heap after GC invocations=11 (full 0):
 garbage-first heap   total 57344K, used 22732K [0x0000000082c00000, 0x0000000100000000)
  region size 1024K, 2 young (2048K), 2 survivors (2048K)
 Metaspace       used 45588K, committed 45824K, reserved 1114112K
  class space    used 5611K, committed 5696K, reserved 1048576K
}
Event: 5.574 GC heap before
{Heap before GC invocations=11 (full 0):
 garbage-first heap   total 57344K, used 44236K [0x0000000082c00000, 0x0000000100000000)
  region size 1024K, 21 young (21504K), 2 survivors (2048K)
 Metaspace       used 46515K, committed 46784K, reserved 1114112K
  class space    used 5695K, committed 5824K, reserved 1048576K
}
Event: 5.585 GC heap after
{Heap after GC invocations=12 (full 0):
 garbage-first heap   total 57344K, used 29411K [0x0000000082c00000, 0x0000000100000000)
  region size 1024K, 3 young (3072K), 3 survivors (3072K)
 Metaspace       used 46515K, committed 46784K, reserved 1114112K
  class space    used 5695K, committed 5824K, reserved 1048576K
}
Event: 5.638 GC heap before
{Heap before GC invocations=12 (full 0):
 garbage-first heap   total 57344K, used 43747K [0x0000000082c00000, 0x0000000100000000)
  region size 1024K, 17 young (17408K), 3 survivors (3072K)
 Metaspace       used 46580K, committed 46848K, reserved 1114112K
  class space    used 5695K, committed 5824K, reserved 1048576K
}

